\BOOKMARK [1][-]{section*.3}{\376\377\000T\000h\000e\000\040\000c\000o\000n\000s\000e\000q\000u\000e\000n\000c\000e\000s\000\040\000o\000f\000\040\000s\000l\000e\000e\000p\000\040\000d\000e\000p\000r\000i\000v\000a\000t\000i\000o\000n\000\040\000o\000n\000\040\000c\000o\000g\000n\000i\000t\000i\000v\000e\000\040\000p\000e\000r\000f\000o\000r\000m\000a\000n\000c\000e\000\040\0001}{}% 1
\BOOKMARK [2][-]{section*.4}{\376\377\000S\000u\000p\000p\000o\000r\000t\000i\000n\000g}{section*.3}% 2
\BOOKMARK [2][-]{section*.5}{\376\377\000C\000o\000n\000t\000r\000a\000s\000t\000i\000n\000g}{section*.3}% 3
\BOOKMARK [2][-]{section*.6}{\376\377\000K\000e\000y\000\040\000P\000o\000i\000n\000t\000s}{section*.3}% 4
\BOOKMARK [1][-]{section*.7}{\376\377\000S\000l\000e\000e\000p\000\040\000D\000u\000r\000a\000t\000i\000o\000n\000\040\000a\000n\000d\000\040\000E\000x\000e\000c\000u\000t\000i\000v\000e\000\040\000F\000u\000n\000c\000t\000i\000o\000n\000\040\000i\000n\000\040\000A\000d\000u\000l\000t\000s\000\040\0002}{}% 5
\BOOKMARK [2][-]{section*.8}{\376\377\000S\000u\000p\000p\000o\000r\000t\000i\000n\000g}{section*.7}% 6
\BOOKMARK [2][-]{section*.9}{\376\377\000C\000o\000n\000t\000r\000a\000s\000t\000i\000n\000g}{section*.7}% 7
\BOOKMARK [2][-]{section*.10}{\376\377\000K\000e\000y\000\040\000P\000o\000i\000n\000t\000s}{section*.7}% 8
\BOOKMARK [1][-]{section*.11}{\376\377\000T\000h\000e\000\040\000R\000e\000l\000a\000t\000i\000o\000n\000s\000h\000i\000p\000\040\000B\000e\000t\000w\000e\000e\000n\000\040\000C\000o\000g\000n\000i\000t\000i\000v\000e\000\040\000I\000m\000p\000a\000i\000r\000m\000e\000n\000t\000s\000\040\000a\000n\000d\000\040\000S\000l\000e\000e\000p\000\040\000Q\000u\000a\000l\000i\000t\000y\000\040\000M\000e\000a\000s\000u\000r\000e\000s\000\040\000i\000n\000\040\000P\000e\000r\000s\000i\000s\000t\000e\000n\000t\000\040\000I\000n\000s\000o\000m\000n\000i\000a\000\040\000D\000i\000s\000o\000r\000d\000e\000r\000\040\0003}{}% 9
\BOOKMARK [2][-]{section*.12}{\376\377\000S\000u\000p\000p\000o\000r\000t\000i\000n\000g}{section*.11}% 10
\BOOKMARK [2][-]{section*.13}{\376\377\000C\000o\000n\000t\000r\000a\000s\000t\000i\000n\000g}{section*.11}% 11
\BOOKMARK [2][-]{section*.14}{\376\377\000K\000e\000y\000\040\000P\000o\000i\000n\000t\000s}{section*.11}% 12
\BOOKMARK [1][-]{section*.15}{\376\377\000S\000l\000e\000e\000p\000\040\000f\000o\000r\000\040\000c\000o\000g\000n\000i\000t\000i\000v\000e\000\040\000e\000n\000h\000a\000n\000c\000e\000m\000e\000n\000t\000\040\0006}{}% 13
\BOOKMARK [2][-]{section*.16}{\376\377\000S\000u\000p\000p\000o\000r\000t\000i\000n\000g}{section*.15}% 14
\BOOKMARK [2][-]{section*.17}{\376\377\000C\000o\000n\000t\000r\000a\000s\000t\000i\000n\000g}{section*.15}% 15
\BOOKMARK [2][-]{section*.18}{\376\377\000K\000e\000y\000\040\000P\000o\000i\000n\000t\000s}{section*.15}% 16
\BOOKMARK [1][-]{section*.19}{\376\377\000O\000u\000t\000l\000i\000n\000e}{}% 17
\BOOKMARK [2][-]{section*.20}{\376\377\000I\000n\000t\000r\000o\000d\000u\000c\000t\000i\000o\000n}{section*.19}% 18
\BOOKMARK [2][-]{section*.21}{\376\377\000T\000h\000e\000\040\000C\000o\000n\000s\000e\000q\000u\000e\000n\000c\000e\000s\000\040\000o\000f\000\040\000S\000l\000e\000e\000p\000\040\000D\000e\000p\000r\000i\000v\000a\000t\000i\000o\000n\000\040\000o\000n\000\040\000C\000o\000g\000n\000i\000t\000i\000v\000e\000\040\000P\000e\000r\000f\000o\000r\000m\000a\000n\000c\000e}{section*.19}% 19
\BOOKMARK [3][-]{section*.22}{\376\377\000F\000i\000n\000d\000i\000n\000g\000s\000\040\000f\000r\000o\000m\000\040\000K\000h\000a\000n\000\040\000\046\000\040\000A\000l\000-\000J\000a\000h\000d\000a\000l\000i\000\040\000\050\0002\0000\0002\0003\000\051}{section*.21}% 20
\BOOKMARK [3][-]{section*.23}{\376\377\000S\000u\000p\000p\000o\000r\000t\000i\000v\000e\000\040\000S\000t\000u\000d\000i\000e\000s}{section*.21}% 21
\BOOKMARK [3][-]{section*.24}{\376\377\000C\000o\000n\000t\000r\000a\000s\000t\000i\000n\000g\000\040\000V\000i\000e\000w\000s}{section*.21}% 22
\BOOKMARK [3][-]{section*.25}{\376\377\000K\000e\000y\000\040\000P\000o\000i\000n\000t\000s\000\040\000S\000u\000m\000m\000a\000r\000y}{section*.21}% 23
\BOOKMARK [2][-]{section*.26}{\376\377\000S\000l\000e\000e\000p\000\040\000D\000u\000r\000a\000t\000i\000o\000n\000\040\000a\000n\000d\000\040\000E\000x\000e\000c\000u\000t\000i\000v\000e\000\040\000F\000u\000n\000c\000t\000i\000o\000n\000\040\000i\000n\000\040\000A\000d\000u\000l\000t\000s\000\040\000\050\000S\000e\000n\000\040\000\046\000\040\000T\000a\000i\000,\000\040\0002\0000\0002\0003\000\051}{section*.19}% 24
\BOOKMARK [3][-]{section*.27}{\376\377\000C\000o\000r\000e\000\040\000F\000i\000n\000d\000i\000n\000g\000s\000\040\000a\000n\000d\000\040\000T\000h\000e\000o\000r\000e\000t\000i\000c\000a\000l\000\040\000I\000m\000p\000l\000i\000c\000a\000t\000i\000o\000n\000s}{section*.26}% 25
\BOOKMARK [3][-]{section*.28}{\376\377\000S\000u\000p\000p\000o\000r\000t\000i\000v\000e\000\040\000a\000n\000d\000\040\000C\000o\000n\000t\000r\000a\000s\000t\000i\000n\000g\000\040\000S\000t\000u\000d\000i\000e\000s}{section*.26}% 26
\BOOKMARK [3][-]{section*.29}{\376\377\000C\000o\000n\000c\000l\000u\000s\000i\000o\000n\000\040\000o\000f\000\040\000S\000e\000c\000t\000i\000o\000n}{section*.26}% 27
\BOOKMARK [2][-]{section*.30}{\376\377\000T\000h\000e\000\040\000R\000e\000l\000a\000t\000i\000o\000n\000s\000h\000i\000p\000\040\000B\000e\000t\000w\000e\000e\000n\000\040\000C\000o\000g\000n\000i\000t\000i\000v\000e\000\040\000I\000m\000p\000a\000i\000r\000m\000e\000n\000t\000s\000\040\000a\000n\000d\000\040\000S\000l\000e\000e\000p\000\040\000Q\000u\000a\000l\000i\000t\000y\000\040\000i\000n\000\040\000P\000e\000r\000s\000i\000s\000t\000e\000n\000t\000\040\000I\000n\000s\000o\000m\000n\000i\000a\000\040\000D\000i\000s\000o\000r\000d\000e\000r\000\040\000\050\000K\000\374\000n\000s\000t\000l\000e\000r\000\040\000e\000t\000\040\000a\000l\000.\000,\000\040\0002\0000\0002\0003\000\051}{section*.19}% 28
\BOOKMARK [3][-]{section*.31}{\376\377\000A\000n\000a\000l\000y\000s\000i\000s\000\040\000o\000f\000\040\000S\000t\000u\000d\000y\000\040\000F\000i\000n\000d\000i\000n\000g\000s}{section*.30}% 29
\BOOKMARK [2][-]{section*.32}{\376\377\000S\000l\000e\000e\000p\000\040\000f\000o\000r\000\040\000C\000o\000g\000n\000i\000t\000i\000v\000e\000\040\000E\000n\000h\000a\000n\000c\000e\000m\000e\000n\000t\000\040\000\050\000D\000i\000e\000k\000e\000l\000m\000a\000n\000n\000,\000\040\0002\0000\0001\0004\000\051}{section*.19}% 30
\BOOKMARK [3][-]{section*.33}{\376\377\000O\000v\000e\000r\000v\000i\000e\000w\000\040\000o\000f\000\040\000C\000o\000g\000n\000i\000t\000i\000v\000e\000\040\000B\000e\000n\000e\000f\000i\000t\000s\000\040\000o\000f\000\040\000S\000l\000e\000e\000p}{section*.32}% 31
\BOOKMARK [2][-]{section*.34}{\376\377\000C\000o\000n\000c\000l\000u\000s\000i\000o\000n}{section*.19}% 32
\BOOKMARK [2][-]{section*.35}{\376\377\000C\000o\000n\000c\000l\000u\000s\000i\000o\000n}{section*.19}% 33
